-------------------------------------------------------------------------------
Test set: org.example.RegistrationTest
-------------------------------------------------------------------------------
Tests run: 2, Failures: 1, Errors: 0, Skipped: 0, Time elapsed: 9.87 s <<< FAILURE! - in org.example.RegistrationTest
checkRegistrationTest(org.example.RegistrationTest)  Time elapsed: 7.232 s  <<< FAILURE!
org.junit.ComparisonFailure: Registration was Failed expected:<[Оформить заказ]> but was:<[Войти]>
	at org.example.RegistrationTest.checkRegistrationTest(RegistrationTest.java:53)

